<?xml version="1.0" encoding="UTF-8"?>
<!-- Generated by org.testng.reporters.JUnitReportReporter -->
<testsuite hostname="Voronoy" failures="0" tests="1" name="testCases.Test_Pending_Leave_Request" time="5.306" errors="0" timestamp="2023-10-28T23:20:23 IST" skipped="0">
  <testcase classname="testCases.Test_Pending_Leave_Request" name="verifyPendingLeaveRequests" time="5.306"/>
</testsuite> <!-- testCases.Test_Pending_Leave_Request -->
