<?xml version="1.0" encoding="UTF-8"?>
<!-- Generated by org.testng.reporters.JUnitReportReporter -->
<testsuite hostname="Voronoy" failures="0" tests="1" name="testCases.Test_User_Role" time="2.878" errors="0" timestamp="2023-10-28T23:20:23 IST" skipped="0">
  <testcase classname="testCases.Test_User_Role" name="checkUserStatus" time="2.878"/>
</testsuite> <!-- testCases.Test_User_Role -->
